C:\Program Files (x86)\Microsoft Visual Studio\2017\Community\Common7\IDE\VC\VCTargets\Microsoft.CppBuild.targets(391,5): warning MSB8028: The intermediate directory (Release\) contains files shared from another project (GKiW_Lab3.vcxproj).  This can lead to incorrect clean and rebuild behavior.
  stdafx.cpp
  Bitmap.cpp
c:\users\wycho\desktop\zlotypociag\gkiw_lab3\bitmap.cpp(53): warning C4996: 'fopen': This function or variable may be unsafe. Consider using fopen_s instead. To disable deprecation, use _CRT_SECURE_NO_WARNINGS. See online help for details.
  c:\program files (x86)\windows kits\10\include\10.0.17763.0\ucrt\stdio.h(208): note: see declaration of 'fopen'
  Bullet.cpp
  Cannon.cpp
  CannonUpgradeMenu.cpp
  Collision.cpp
c:\users\wycho\desktop\zlotypociag\gkiw_lab3\collision.cpp(10): warning C4996: 'fopen': This function or variable may be unsafe. Consider using fopen_s instead. To disable deprecation, use _CRT_SECURE_NO_WARNINGS. See online help for details.
  c:\program files (x86)\windows kits\10\include\10.0.17763.0\ucrt\stdio.h(208): note: see declaration of 'fopen'
c:\users\wycho\desktop\zlotypociag\gkiw_lab3\collision.cpp(16): warning C4996: 'fscanf': This function or variable may be unsafe. Consider using fscanf_s instead. To disable deprecation, use _CRT_SECURE_NO_WARNINGS. See online help for details.
  c:\program files (x86)\windows kits\10\include\10.0.17763.0\ucrt\stdio.h(1197): note: see declaration of 'fscanf'
  FunctionsPack.cpp
  Game.cpp
  Golden_Train.cpp
c:\users\wycho\desktop\zlotypociag\gkiw_lab3\golden_train.cpp(35): warning C4244: 'argument': conversion from 'time_t' to 'unsigned int', possible loss of data
  HighScores.cpp
  Level.cpp
  MainMenu.cpp
  Model.cpp
c:\users\wycho\desktop\zlotypociag\gkiw_lab3\model.cpp(29): warning C4996: 'fopen': This function or variable may be unsafe. Consider using fopen_s instead. To disable deprecation, use _CRT_SECURE_NO_WARNINGS. See online help for details.
  c:\program files (x86)\windows kits\10\include\10.0.17763.0\ucrt\stdio.h(208): note: see declaration of 'fopen'
c:\users\wycho\desktop\zlotypociag\gkiw_lab3\model.cpp(46): warning C4996: 'sscanf': This function or variable may be unsafe. Consider using sscanf_s instead. To disable deprecation, use _CRT_SECURE_NO_WARNINGS. See online help for details.
  c:\program files (x86)\windows kits\10\include\10.0.17763.0\ucrt\stdio.h(2263): note: see declaration of 'sscanf'
c:\users\wycho\desktop\zlotypociag\gkiw_lab3\model.cpp(51): warning C4996: 'sscanf': This function or variable may be unsafe. Consider using sscanf_s instead. To disable deprecation, use _CRT_SECURE_NO_WARNINGS. See online help for details.
  c:\program files (x86)\windows kits\10\include\10.0.17763.0\ucrt\stdio.h(2263): note: see declaration of 'sscanf'
c:\users\wycho\desktop\zlotypociag\gkiw_lab3\model.cpp(56): warning C4996: 'sscanf': This function or variable may be unsafe. Consider using sscanf_s instead. To disable deprecation, use _CRT_SECURE_NO_WARNINGS. See online help for details.
  c:\program files (x86)\windows kits\10\include\10.0.17763.0\ucrt\stdio.h(2263): note: see declaration of 'sscanf'
c:\users\wycho\desktop\zlotypociag\gkiw_lab3\model.cpp(61): warning C4996: 'sscanf': This function or variable may be unsafe. Consider using sscanf_s instead. To disable deprecation, use _CRT_SECURE_NO_WARNINGS. See online help for details.
  c:\program files (x86)\windows kits\10\include\10.0.17763.0\ucrt\stdio.h(2263): note: see declaration of 'sscanf'
  Particle.cpp
  Point.cpp
  Skybox.cpp
  Train.cpp
  Tutorial.cpp
  Vector3.cpp
  Generating Code...
  GKiW_Lab3.vcxproj -> C:\Users\wycho\Desktop\ZlotyPociag\Release\Golden Train.exe
  C:\Users\wycho\Desktop\ZlotyPociag\freeglut\bin\freeglut.dll
          1 file(s) copied.
          1 file(s) copied.
  C:\Users\wycho\Desktop\ZlotyPociag\DevIL\lib\x86\Release\DevIL.dll
  C:\Users\wycho\Desktop\ZlotyPociag\DevIL\lib\x86\Release\ILU.dll
  C:\Users\wycho\Desktop\ZlotyPociag\DevIL\lib\x86\Release\ILUT.dll
          3 file(s) copied.
