c:\users\wycho\documents\blender\zloty pociag\game\gkiw_lab3\debug\gkiw_lab3.pch
c:\users\wycho\documents\blender\zloty pociag\game\gkiw_lab3\debug\vc140.pdb
c:\users\wycho\documents\blender\zloty pociag\game\gkiw_lab3\debug\vc140.idb
c:\users\wycho\documents\blender\zloty pociag\game\gkiw_lab3\debug\stdafx.obj
c:\users\wycho\documents\blender\zloty pociag\game\gkiw_lab3\debug\bullet.obj
c:\users\wycho\documents\blender\zloty pociag\game\gkiw_lab3\debug\cannon.obj
c:\users\wycho\documents\blender\zloty pociag\game\gkiw_lab3\debug\cannonupgrademenu.obj
c:\users\wycho\documents\blender\zloty pociag\game\gkiw_lab3\debug\functionspack.obj
c:\users\wycho\documents\blender\zloty pociag\game\gkiw_lab3\debug\game.obj
c:\users\wycho\documents\blender\zloty pociag\game\gkiw_lab3\debug\gkiw_lab3.obj
c:\users\wycho\documents\blender\zloty pociag\game\gkiw_lab3\debug\level.obj
c:\users\wycho\documents\blender\zloty pociag\game\gkiw_lab3\debug\mainmenu.obj
c:\users\wycho\documents\blender\zloty pociag\game\gkiw_lab3\debug\particle.obj
c:\users\wycho\documents\blender\zloty pociag\game\debug\gkiw_lab3.exe
c:\users\wycho\documents\blender\zloty pociag\game\debug\gkiw_lab3.pdb
c:\users\wycho\documents\blender\zloty pociag\game\gkiw_lab3\debug\gkiw_lab3.tlog\cl.command.1.tlog
c:\users\wycho\documents\blender\zloty pociag\game\gkiw_lab3\debug\gkiw_lab3.tlog\cl.read.1.tlog
c:\users\wycho\documents\blender\zloty pociag\game\gkiw_lab3\debug\gkiw_lab3.tlog\cl.write.1.tlog
c:\users\wycho\documents\blender\zloty pociag\game\gkiw_lab3\debug\gkiw_lab3.tlog\link.command.1.tlog
c:\users\wycho\documents\blender\zloty pociag\game\gkiw_lab3\debug\gkiw_lab3.tlog\link.read.1.tlog
c:\users\wycho\documents\blender\zloty pociag\game\gkiw_lab3\debug\gkiw_lab3.tlog\link.write.1.tlog
